# JRE version: Java(TM) SE Runtime Environment (21.0.1+12) (build 21.0.1+12-LTS-29)
# Java VM: Java HotSpot(TM) 64-Bit Server VM (21.0.1+12-LTS-29, mixed mode, sharing, tiered, compressed oops, compressed class ptrs, g1 gc, bsd-aarch64)
Heap:
 garbage-first heap   total 264192K, used 46866K [0x0000000700000000, 0x0000000800000000)
  region size 2048K, 16 young (32768K), 1 survivors (2048K)
 Metaspace       used 11138K, committed 11392K, reserved 1114112K
  class space    used 1224K, committed 1344K, reserved 1048576K
GC Heap History (20 events):
Event: 239.266 GC heap before
{Heap before GC invocations=31 (full 0):
 garbage-first heap   total 264192K, used 170729K [0x0000000700000000, 0x0000000800000000)
  region size 2048K, 76 young (155648K), 1 survivors (2048K)
 Metaspace       used 11138K, committed 11392K, reserved 1114112K
  class space    used 1224K, committed 1344K, reserved 1048576K
}
Event: 239.266 GC heap after
{Heap after GC invocations=32 (full 0):
 garbage-first heap   total 264192K, used 17127K [0x0000000700000000, 0x0000000800000000)
  region size 2048K, 1 young (2048K), 1 survivors (2048K)
 Metaspace       used 11138K, committed 11392K, reserved 1114112K
  class space    used 1224K, committed 1344K, reserved 1048576K
}
Event: 248.538 GC heap before
{Heap before GC invocations=32 (full 0):
 garbage-first heap   total 264192K, used 170727K [0x0000000700000000, 0x0000000800000000)
  region size 2048K, 76 young (155648K), 1 survivors (2048K)
 Metaspace       used 11138K, committed 11392K, reserved 1114112K
  class space    used 1224K, committed 1344K, reserved 1048576K
}
Event: 248.539 GC heap after
{Heap after GC invocations=33 (full 0):
 garbage-first heap   total 264192K, used 17129K [0x0000000700000000, 0x0000000800000000)
  region size 2048K, 1 young (2048K), 1 survivors (2048K)
 Metaspace       used 11138K, committed 11392K, reserved 1114112K
  class space    used 1224K, committed 1344K, reserved 1048576K
}
Event: 258.019 GC heap before
{Heap before GC invocations=33 (full 0):
 garbage-first heap   total 264192K, used 170729K [0x0000000700000000, 0x0000000800000000)
  region size 2048K, 76 young (155648K), 1 survivors (2048K)
 Metaspace       used 11138K, committed 11392K, reserved 1114112K
  class space    used 1224K, committed 1344K, reserved 1048576K
}
Event: 258.019 GC heap after
{Heap after GC invocations=34 (full 0):
 garbage-first heap   total 264192K, used 17129K [0x0000000700000000, 0x0000000800000000)
  region size 2048K, 1 young (2048K), 1 survivors (2048K)
 Metaspace       used 11138K, committed 11392K, reserved 1114112K
  class space    used 1224K, committed 1344K, reserved 1048576K
}
Event: 265.498 GC heap before
{Heap before GC invocations=34 (full 0):
 garbage-first heap   total 264192K, used 170729K [0x0000000700000000, 0x0000000800000000)
  region size 2048K, 76 young (155648K), 1 survivors (2048K)
 Metaspace       used 11138K, committed 11392K, reserved 1114112K
  class space    used 1224K, committed 1344K, reserved 1048576K
}
Event: 265.498 GC heap after
{Heap after GC invocations=35 (full 0):
 garbage-first heap   total 264192K, used 17130K [0x0000000700000000, 0x0000000800000000)
  region size 2048K, 1 young (2048K), 1 survivors (2048K)
 Metaspace       used 11138K, committed 11392K, reserved 1114112K
  class space    used 1224K, committed 1344K, reserved 1048576K
}
Event: 272.729 GC heap before
{Heap before GC invocations=35 (full 0):
 garbage-first heap   total 264192K, used 170730K [0x0000000700000000, 0x0000000800000000)
  region size 2048K, 76 young (155648K), 1 survivors (2048K)
 Metaspace       used 11138K, committed 11392K, reserved 1114112K
  class space    used 1224K, committed 1344K, reserved 1048576K
}
Event: 272.730 GC heap after
{Heap after GC invocations=36 (full 0):
 garbage-first heap   total 264192K, used 17133K [0x0000000700000000, 0x0000000800000000)
  region size 2048K, 1 young (2048K), 1 survivors (2048K)
 Metaspace       used 11138K, committed 11392K, reserved 1114112K
  class space    used 1224K, committed 1344K, reserved 1048576K
}
Event: 278.380 GC heap before
{Heap before GC invocations=36 (full 0):
 garbage-first heap   total 264192K, used 170733K [0x0000000700000000, 0x0000000800000000)
  region size 2048K, 76 young (155648K), 1 survivors (2048K)
 Metaspace       used 11138K, committed 11392K, reserved 1114112K
  class space    used 1224K, committed 1344K, reserved 1048576K
}
Event: 278.380 GC heap after
{Heap after GC invocations=37 (full 0):
 garbage-first heap   total 264192K, used 17141K [0x0000000700000000, 0x0000000800000000)
  region size 2048K, 1 young (2048K), 1 survivors (2048K)
 Metaspace       used 11138K, committed 11392K, reserved 1114112K
  class space    used 1224K, committed 1344K, reserved 1048576K
}
Event: 288.346 GC heap before
{Heap before GC invocations=37 (full 0):
 garbage-first heap   total 264192K, used 170741K [0x0000000700000000, 0x0000000800000000)
  region size 2048K, 76 young (155648K), 1 survivors (2048K)
 Metaspace       used 11138K, committed 11392K, reserved 1114112K
  class space    used 1224K, committed 1344K, reserved 1048576K
}
Event: 288.347 GC heap after
{Heap after GC invocations=38 (full 0):
 garbage-first heap   total 264192K, used 17147K [0x0000000700000000, 0x0000000800000000)
  region size 2048K, 1 young (2048K), 1 survivors (2048K)
 Metaspace       used 11138K, committed 11392K, reserved 1114112K
  class space    used 1224K, committed 1344K, reserved 1048576K
}
Event: 298.405 GC heap before
{Heap before GC invocations=38 (full 0):
 garbage-first heap   total 264192K, used 170747K [0x0000000700000000, 0x0000000800000000)
  region size 2048K, 76 young (155648K), 1 survivors (2048K)
 Metaspace       used 11138K, committed 11392K, reserved 1114112K
  class space    used 1224K, committed 1344K, reserved 1048576K
}
Event: 298.405 GC heap after
{Heap after GC invocations=39 (full 0):
 garbage-first heap   total 264192K, used 17150K [0x0000000700000000, 0x0000000800000000)
  region size 2048K, 1 young (2048K), 1 survivors (2048K)
 Metaspace       used 11138K, committed 11392K, reserved 1114112K
  class space    used 1224K, committed 1344K, reserved 1048576K
}
Event: 308.281 GC heap before
{Heap before GC invocations=39 (full 0):
 garbage-first heap   total 264192K, used 170750K [0x0000000700000000, 0x0000000800000000)
  region size 2048K, 76 young (155648K), 1 survivors (2048K)
 Metaspace       used 11138K, committed 11392K, reserved 1114112K
  class space    used 1224K, committed 1344K, reserved 1048576K
}
Event: 308.282 GC heap after
{Heap after GC invocations=40 (full 0):
 garbage-first heap   total 264192K, used 17158K [0x0000000700000000, 0x0000000800000000)
  region size 2048K, 1 young (2048K), 1 survivors (2048K)
 Metaspace       used 11138K, committed 11392K, reserved 1114112K
  class space    used 1224K, committed 1344K, reserved 1048576K
}
Event: 318.152 GC heap before
{Heap before GC invocations=40 (full 0):
 garbage-first heap   total 264192K, used 170758K [0x0000000700000000, 0x0000000800000000)
  region size 2048K, 76 young (155648K), 1 survivors (2048K)
 Metaspace       used 11138K, committed 11392K, reserved 1114112K
  class space    used 1224K, committed 1344K, reserved 1048576K
}
Event: 318.153 GC heap after
{Heap after GC invocations=41 (full 0):
 garbage-first heap   total 264192K, used 17168K [0x0000000700000000, 0x0000000800000000)
  region size 2048K, 1 young (2048K), 1 survivors (2048K)
 Metaspace       used 11138K, committed 11392K, reserved 1114112K
  class space    used 1224K, committed 1344K, reserved 1048576K
}

